Arguments: 
  /Users/lyronctk/.nvm/versions/node/v19.2.0/bin/node /Users/lyronctk/.nvm/versions/node/v19.2.0/bin/yarn add @types/random-bigint

PATH: 
  /opt/homebrew/opt/ruby/bin:/Users/lyronctk/.local/bin:/Applications/Sublime Text.app/Contents/SharedSupport/bin:/Users/lyronctk/.nvm/versions/node/v19.2.0/bin:/opt/local/bin:/opt/local/sbin:/opt/homebrew/bin:/opt/homebrew/sbin:/usr/local/bin:/usr/bin:/bin:/usr/sbin:/sbin:/Library/Apple/usr/bin:/Users/lyronctk/.cargo/bin:/Users/lyronctk/.foundry/bin

Yarn version: 
  1.22.19

Node version: 
  19.2.0

Platform: 
  darwin arm64

Trace: 
  Error: https://registry.yarnpkg.com/@types%2frandom-bigint: Not found
      at params.callback [as _callback] (/Users/lyronctk/.nvm/versions/node/v19.2.0/lib/node_modules/yarn/lib/cli.js:66145:18)
      at self.callback (/Users/lyronctk/.nvm/versions/node/v19.2.0/lib/node_modules/yarn/lib/cli.js:140890:22)
      at Request.emit (node:events:513:28)
      at Request.<anonymous> (/Users/lyronctk/.nvm/versions/node/v19.2.0/lib/node_modules/yarn/lib/cli.js:141862:10)
      at Request.emit (node:events:513:28)
      at IncomingMessage.<anonymous> (/Users/lyronctk/.nvm/versions/node/v19.2.0/lib/node_modules/yarn/lib/cli.js:141784:12)
      at Object.onceWrapper (node:events:627:28)
      at IncomingMessage.emit (node:events:525:35)
      at endReadableNT (node:internal/streams/readable:1359:12)
      at process.processTicksAndRejections (node:internal/process/task_queues:82:21)

npm manifest: 
  {
    "dependencies": {
      "crypto-ts": "^1.0.2",
      "random-bigint": "^0.0.1"
    }
  }

yarn manifest: 
  No manifest

Lockfile: 
  # THIS IS AN AUTOGENERATED FILE. DO NOT EDIT THIS FILE DIRECTLY.
  # yarn lockfile v1
  
  
  crypto-ts@^1.0.2:
    version "1.0.2"
    resolved "https://registry.yarnpkg.com/crypto-ts/-/crypto-ts-1.0.2.tgz#c2ae47b42f1a8affcf33bddbe3283983150c8a05"
    integrity sha512-TcBWwF8ghYhVd/qPSwvY4nsbDZRN/PVxQ1Uc8ryRLiX4M4C5XSPyIhVgR4M5mIhrQEnWIktLcrv+FIqhKk2t3g==
    dependencies:
      tslib "^1.7.1"
  
  random-bigint@^0.0.1:
    version "0.0.1"
    resolved "https://registry.yarnpkg.com/random-bigint/-/random-bigint-0.0.1.tgz#684de0a93784ab7448a441393916f0e632c95df9"
    integrity sha512-X+NTsf5Hzl/tRNLiNTD3N1LRU0eKdIE0+plNlV1CmXLTlnAxj6HipcTnOhWvFRoSytCz6l1f4KYFf/iH8NNSLw==
  
  tslib@^1.7.1:
    version "1.14.1"
    resolved "https://registry.yarnpkg.com/tslib/-/tslib-1.14.1.tgz#cf2d38bdc34a134bcaf1091c41f6619e2f672d00"
    integrity sha512-Xni35NKzjgMrwevysHTCArtLDpPvye8zV/0E4EyYn43P7/7qvQwPh9BGkHewbMulVntbigmcT7rdX3BNo9wRJg==
