Arguments: 
  /Users/lyronctk/.nvm/versions/node/v19.2.0/bin/node /Users/lyronctk/.nvm/versions/node/v19.2.0/bin/yarn add circomlib

PATH: 
  /opt/homebrew/opt/ruby/bin:/Users/lyronctk/.local/bin:/Applications/Sublime Text.app/Contents/SharedSupport/bin:/Users/lyronctk/.nvm/versions/node/v19.2.0/bin:/opt/local/bin:/opt/local/sbin:/opt/homebrew/bin:/opt/homebrew/sbin:/usr/local/bin:/usr/bin:/bin:/usr/sbin:/sbin:/Library/Apple/usr/bin:/Users/lyronctk/.cargo/bin:/Users/lyronctk/.foundry/bin

Yarn version: 
  1.22.19

Node version: 
  19.2.0

Platform: 
  darwin arm64

Trace: 
  SyntaxError: /Users/lyronctk/Documents/projects/network-states-experiment/circuits/package.json: Unexpected token '{', ...""scripts" {
      "dev"... is not valid JSON
      at JSON.parse (<anonymous>)
      at /Users/lyronctk/.nvm/versions/node/v19.2.0/lib/node_modules/yarn/lib/cli.js:1629:59
      at Generator.next (<anonymous>)
      at step (/Users/lyronctk/.nvm/versions/node/v19.2.0/lib/node_modules/yarn/lib/cli.js:310:30)
      at /Users/lyronctk/.nvm/versions/node/v19.2.0/lib/node_modules/yarn/lib/cli.js:321:13

npm manifest: 
  {
    "name": "circuits",
    "version": "1.0.0",
    "main": "index.js",
    "license": "BSD-4-Clause",
    "scripts" {
      "dev:move": "bash move/dev.sh"
    }
  }

yarn manifest: 
  No manifest

Lockfile: 
  No lockfile
